{
  "RSpec": {
    "coverage": {
      "/home/elena/projects/chitter/app/server.rb": [
        1,
        1,
        1,
        1,
        1,
        1,
        1,
        1,
        1,
        1,
        1,
        1,
        1,
        null,
        1,
        null,
        1,
        1,
        196,
        1
      ],
      "/home/elena/projects/chitter/app/models/user.rb": [
        1,
        null,
        1,
        null,
        1,
        null,
        1,
        1,
        1,
        1,
        1,
        1,
        1,
        null,
        1,
        1,
        null,
        1,
        1,
        1,
        null,
        1,
        1,
        1,
        1,
        1,
        null,
        1,
        null,
        1,
        21,
        21,
        null,
        null,
        1,
        9,
        9,
        8,
        null,
        null,
        null,
        null,
        null,
        null,
        null,
        null,
        null,
        null,
        null,
        null,
        null,
        null,
        null,
        null
      ],
      "/home/elena/projects/chitter/app/models/peep.rb": [
        1,
        null,
        1,
        null,
        1,
        1,
        1,
        1,
        null,
        1,
        null,
        null,
        null
      ],
      "/home/elena/projects/chitter/app/helpers/application.rb": [
        1,
        null,
        1,
        72,
        null,
        null,
        null
      ],
      "/home/elena/projects/chitter/app/data_mapper_setup.rb": [
        1,
        null,
        1,
        null,
        1,
        1,
        1,
        1
      ],
      "/home/elena/projects/chitter/app/controllers/application.rb": [
        1,
        24,
        24,
        null
      ],
      "/home/elena/projects/chitter/app/controllers/peeps.rb": [
        1,
        2,
        2,
        2,
        2,
        null,
        2,
        null,
        0,
        0,
        null,
        null
      ],
      "/home/elena/projects/chitter/app/controllers/users.rb": [
        1,
        8,
        8,
        8,
        null,
        null,
        1,
        7,
        null,
        null,
        null,
        null,
        7,
        4,
        4,
        null,
        3,
        3,
        null,
        null
      ],
      "/home/elena/projects/chitter/app/controllers/sessions.rb": [
        1,
        12,
        12,
        null,
        null,
        1,
        9,
        9,
        9,
        8,
        8,
        null,
        1,
        1,
        null,
        null,
        null,
        1,
        4,
        4,
        null
      ],
      "/home/elena/projects/chitter/app/controllers/request_password.rb": [
        1,
        4,
        4,
        null,
        null,
        1,
        2,
        2,
        2,
        65,
        1,
        1,
        null,
        1,
        1,
        null,
        null,
        null,
        1,
        1,
        1,
        1,
        1,
        null,
        null,
        1,
        0,
        0,
        0,
        0,
        null,
        0,
        null
      ]
    },
    "timestamp": 1419613550
  }
}
